<?xml version="1.0" encoding="UTF-8"?>
<robot generator="Robot 6.1.1 (Python 3.11.4 on darwin)" generated="20230807 15:38:06.225" rpa="false" schemaversion="4">
<suite id="s1" name="Test File" source="/Users/piotr/workshop/Netaxept-Android-SDK/automation/test_file.robot">
<test id="s1-t1" name="Should send keys to search box and then check the value" line="10">
<kw name="Open Test Application" library="AppPage">
<kw name="Open Application" library="AppiumLibrary">
<arg>http://127.0.0.1:4723/wd/hub</arg>
<arg>automationName=${ANDROID_AUTOMATION_NAME}</arg>
<arg>platformName=${ANDROID_PLATFORM_NAME}</arg>
<arg>platformVersion=${ANDROID_PLATFORM_VERSION}</arg>
<arg>app=${ANDROID_APP}</arg>
<arg>appPackage=eu.nets.pia.sample</arg>
<arg>appActivity=.ui.activity.main.MainActivity</arg>
<doc>Opens a new application to given Appium server.
Capabilities of appium server, Android and iOS,
Please check https://github.com/appium/appium/blob/master/docs/en/writing-running-appium/server-args.md
| *Option*            | *Man.* | *Description*     |
| remote_url          | Yes    | Appium server url |
| alias               | no     | alias             |
| strict_ssl          | No     | allows you to send commands to an invalid certificate host like a self-signed one. |</doc>
<status status="PASS" starttime="20230807 15:38:06.303" endtime="20230807 15:38:14.143"/>
</kw>
<status status="PASS" starttime="20230807 15:38:06.303" endtime="20230807 15:38:14.143"/>
</kw>
<kw name="Login as user with id:" library="LoginPage">
<arg>${INITIAL_ID}</arg>
<kw name="Input Text" library="AppiumLibrary">
<arg>${LOGIN_INPUT}</arg>
<arg>${query}</arg>
<doc>Types the given `text` into text field identified by `locator`.</doc>
<msg timestamp="20230807 15:38:14.144" level="INFO">Typing text '000501' into text field 'id=eu.nets.pia.sample:id/customer_id_et'</msg>
<msg timestamp="20230807 15:38:14.430" level="INFO">criteria is eu.nets.pia.sample:id/customer_id_et</msg>
<status status="PASS" starttime="20230807 15:38:14.144" endtime="20230807 15:38:14.430"/>
</kw>
<kw name="Click Element" library="AppiumLibrary">
<arg>${LOGIN_BUTTON}</arg>
<doc>Click element identified by `locator`.</doc>
<msg timestamp="20230807 15:38:14.431" level="INFO">Clicking element 'id=eu.nets.pia.sample:id/sign_up_btn'.</msg>
<msg timestamp="20230807 15:38:16.351" level="INFO">criteria is eu.nets.pia.sample:id/sign_up_btn</msg>
<status status="PASS" starttime="20230807 15:38:14.431" endtime="20230807 15:38:16.351"/>
</kw>
<kw name="Wait Until Page Contains Element" library="AppiumLibrary">
<arg>${HOMEPAGE_PRODUCT_IMAGE}</arg>
<doc>Waits until element specified with `locator` appears on current page.</doc>
<msg timestamp="20230807 15:38:16.375" level="INFO">criteria is eu.nets.pia.sample:id/products_imgv</msg>
<status status="PASS" starttime="20230807 15:38:16.352" endtime="20230807 15:38:16.375"/>
</kw>
<status status="PASS" starttime="20230807 15:38:14.143" endtime="20230807 15:38:16.375"/>
</kw>
<kw name="Open Settings View for userID:" library="SettingsPage">
<arg>${INITIAL_ID}</arg>
<kw name="Click Element" library="AppiumLibrary">
<arg>${HOMEPAGE_SETTINGS_BUTTON}</arg>
<doc>Click element identified by `locator`.</doc>
<msg timestamp="20230807 15:38:16.377" level="INFO">Clicking element 'id=eu.nets.pia.sample:id/settings_item'.</msg>
<msg timestamp="20230807 15:38:16.426" level="INFO">criteria is eu.nets.pia.sample:id/settings_item</msg>
<status status="PASS" starttime="20230807 15:38:16.376" endtime="20230807 15:38:16.426"/>
</kw>
<kw name="Wait Until Page Contains Element" library="AppiumLibrary">
<arg>${SETTINGS_CUSTOMER_ID}</arg>
<doc>Waits until element specified with `locator` appears on current page.</doc>
<msg timestamp="20230807 15:38:17.519" level="INFO">criteria is eu.nets.pia.sample:id/customer_id_label
criteria is eu.nets.pia.sample:id/customer_id_label</msg>
<status status="PASS" starttime="20230807 15:38:16.426" endtime="20230807 15:38:17.519"/>
</kw>
<kw name="Element Text Should Be" library="AppiumLibrary">
<arg>${SETTINGS_CUSTOMER_ID}</arg>
<arg>${text}</arg>
<doc>Verifies element identified by ``locator`` exactly contains text ``expected``.</doc>
<msg timestamp="20230807 15:38:17.523" level="INFO">Verifying element 'id=eu.nets.pia.sample:id/customer_id_label' contains exactly text '000501'.</msg>
<msg timestamp="20230807 15:38:17.574" level="INFO">criteria is eu.nets.pia.sample:id/customer_id_label</msg>
<status status="PASS" starttime="20230807 15:38:17.520" endtime="20230807 15:38:17.574"/>
</kw>
<status status="PASS" starttime="20230807 15:38:16.375" endtime="20230807 15:38:17.574"/>
</kw>
<kw name="Open Change UserID view" library="SettingsPage">
<kw name="Click Element" library="AppiumLibrary">
<arg>${SETTINGS_CHANGE_ID}</arg>
<doc>Click element identified by `locator`.</doc>
<msg timestamp="20230807 15:38:17.575" level="INFO">Clicking element 'id=eu.nets.pia.sample:id/change_customer_id'.</msg>
<msg timestamp="20230807 15:38:17.642" level="INFO">criteria is eu.nets.pia.sample:id/change_customer_id</msg>
<status status="PASS" starttime="20230807 15:38:17.575" endtime="20230807 15:38:17.642"/>
</kw>
<kw name="Wait Until Page Contains Element" library="AppiumLibrary">
<arg>${SETTINGS_CHANGE_ID_ALERT}</arg>
<doc>Waits until element specified with `locator` appears on current page.</doc>
<msg timestamp="20230807 15:38:18.315" level="INFO">criteria is eu.nets.pia.sample:id/alertTitle</msg>
<status status="PASS" starttime="20230807 15:38:17.642" endtime="20230807 15:38:18.315"/>
</kw>
<status status="PASS" starttime="20230807 15:38:17.574" endtime="20230807 15:38:18.315"/>
</kw>
<kw name="Cancel Changing UserID action, so userID is still:" library="SettingsPage">
<arg>${INITIAL_ID}</arg>
<kw name="Click Element" library="AppiumLibrary">
<arg>id=android:id/button2</arg>
<doc>Click element identified by `locator`.</doc>
<msg timestamp="20230807 15:38:18.319" level="INFO">Clicking element 'id=android:id/button2'.</msg>
<msg timestamp="20230807 15:38:18.410" level="INFO">criteria is android:id/button2</msg>
<status status="PASS" starttime="20230807 15:38:18.316" endtime="20230807 15:38:18.410"/>
</kw>
<kw name="Wait Until Page Contains Element" library="AppiumLibrary">
<arg>${SETTINGS_CUSTOMER_ID}</arg>
<doc>Waits until element specified with `locator` appears on current page.</doc>
<msg timestamp="20230807 15:38:18.691" level="INFO">criteria is eu.nets.pia.sample:id/customer_id_label</msg>
<status status="PASS" starttime="20230807 15:38:18.410" endtime="20230807 15:38:18.692"/>
</kw>
<kw name="Element Text Should Be" library="AppiumLibrary">
<arg>${SETTINGS_CUSTOMER_ID}</arg>
<arg>${text}</arg>
<doc>Verifies element identified by ``locator`` exactly contains text ``expected``.</doc>
<msg timestamp="20230807 15:38:18.694" level="INFO">Verifying element 'id=eu.nets.pia.sample:id/customer_id_label' contains exactly text '000501'.</msg>
<msg timestamp="20230807 15:38:19.039" level="INFO">criteria is eu.nets.pia.sample:id/customer_id_label</msg>
<status status="PASS" starttime="20230807 15:38:18.692" endtime="20230807 15:38:19.040"/>
</kw>
<status status="PASS" starttime="20230807 15:38:18.315" endtime="20230807 15:38:19.040"/>
</kw>
<kw name="Change UserID to:" library="SettingsPage">
<arg>${NEW_ID}</arg>
<kw name="Click Element" library="AppiumLibrary">
<arg>${SETTINGS_CHANGE_ID}</arg>
<doc>Click element identified by `locator`.</doc>
<msg timestamp="20230807 15:38:19.044" level="INFO">Clicking element 'id=eu.nets.pia.sample:id/change_customer_id'.</msg>
<msg timestamp="20230807 15:38:19.752" level="INFO">criteria is eu.nets.pia.sample:id/change_customer_id</msg>
<status status="PASS" starttime="20230807 15:38:19.041" endtime="20230807 15:38:19.753"/>
</kw>
<kw name="Input Text" library="AppiumLibrary">
<arg>${SETTINGS_CHANGE_ID_INPUT}</arg>
<arg>${text}</arg>
<doc>Types the given `text` into text field identified by `locator`.</doc>
<msg timestamp="20230807 15:38:19.757" level="INFO">Typing text '009999' into text field 'class=android.widget.EditText'</msg>
<status status="PASS" starttime="20230807 15:38:19.753" endtime="20230807 15:38:20.323"/>
</kw>
<kw name="Click Element" library="AppiumLibrary">
<arg>${SETTINGS_CHANGE_ID_SUBMIT}</arg>
<doc>Click element identified by `locator`.</doc>
<msg timestamp="20230807 15:38:20.327" level="INFO">Clicking element 'id=android:id/button1'.</msg>
<msg timestamp="20230807 15:38:21.050" level="INFO">criteria is android:id/button1</msg>
<status status="PASS" starttime="20230807 15:38:20.323" endtime="20230807 15:38:21.050"/>
</kw>
<status status="PASS" starttime="20230807 15:38:19.040" endtime="20230807 15:38:21.050"/>
</kw>
<kw name="Verify that UserID has beed changed to:" library="SettingsPage">
<arg>${NEW_ID}</arg>
<kw name="Wait Until Page Contains Element" library="AppiumLibrary">
<arg>${SETTINGS_CUSTOMER_ID}</arg>
<doc>Waits until element specified with `locator` appears on current page.</doc>
<msg timestamp="20230807 15:38:21.648" level="INFO">criteria is eu.nets.pia.sample:id/customer_id_label</msg>
<status status="PASS" starttime="20230807 15:38:21.051" endtime="20230807 15:38:21.648"/>
</kw>
<kw name="Element Text Should Be" library="AppiumLibrary">
<arg>${SETTINGS_CUSTOMER_ID}</arg>
<arg>${text}</arg>
<doc>Verifies element identified by ``locator`` exactly contains text ``expected``.</doc>
<msg timestamp="20230807 15:38:21.655" level="INFO">Verifying element 'id=eu.nets.pia.sample:id/customer_id_label' contains exactly text '009999'.</msg>
<msg timestamp="20230807 15:38:21.698" level="INFO">criteria is eu.nets.pia.sample:id/customer_id_label</msg>
<status status="PASS" starttime="20230807 15:38:21.650" endtime="20230807 15:38:21.698"/>
</kw>
<status status="PASS" starttime="20230807 15:38:21.050" endtime="20230807 15:38:21.698"/>
</kw>
<doc>You need to speficy initial 6-digit user id and new user id (also 6-digit) to run this test.</doc>
<status status="PASS" starttime="20230807 15:38:06.303" endtime="20230807 15:38:21.698"/>
</test>
<doc>Login with userID 101, start and abort changing userID process, change userID to 202</doc>
<status status="PASS" starttime="20230807 15:38:06.229" endtime="20230807 15:38:21.698"/>
</suite>
<statistics>
<total>
<stat pass="1" fail="0" skip="0">All Tests</stat>
</total>
<tag>
</tag>
<suite>
<stat pass="1" fail="0" skip="0" id="s1" name="Test File">Test File</stat>
</suite>
</statistics>
<errors>
</errors>
</robot>
